<?xml version="1.0" encoding="UTF-8"?>
<!-- Generated by org.testng.reporters.JUnitReportReporter -->
<testsuite hostname="DESKTOP-LB6NNST" failures="0" tests="3" name="test_Classes.VerifyUserCanAddAmount" time="10.443" errors="0" timestamp="2022-06-14T10:48:15 IST" skipped="0">
  <testcase classname="test_Classes.VerifyUserCanAddAmount" name="verifyUserCanOpenFundPage" time="2.979"/>
  <system-out/>
  <testcase classname="test_Classes.VerifyUserCanAddAmount" name="verifyUserCanAddAmount" time="1.319"/>
  <system-out/>
  <testcase classname="test_Classes.VerifyUserCanAddAmount" name="verifyUserCanLogin" time="6.145"/>
  <system-out/>
</testsuite> <!-- test_Classes.VerifyUserCanAddAmount -->
