<?xml version="1.0" encoding="UTF-8"?>
<!-- Generated by org.testng.reporters.JUnitReportReporter -->
<testsuite hostname="DESKTOP-LB6NNST" failures="0" tests="1" name="test_Classes.VerifyUserCanWithdrawAmount" time="6.072" errors="0" timestamp="2022-06-14T10:48:15 IST" skipped="0">
  <testcase classname="test_Classes.VerifyUserCanWithdrawAmount" name="VerifyUserCanLogin" time="6.072"/>
  <system-out/>
</testsuite> <!-- test_Classes.VerifyUserCanWithdrawAmount -->
